#
# A fatal error has been detected by the Java Runtime Environment:
#
#  EXCEPTION_ACCESS_VIOLATION (0xc0000005) at pc=0x0005c9c1, pid=6696, tid=0x000017c0
#
# JRE version: Java(TM) SE Runtime Environment (8.0_101-b13) (build 1.8.0_101-b13)
# Java VM: Java HotSpot(TM) Client VM (25.101-b13 mixed mode windows-x86 )
# Problematic frame:
# C  0x0005c9c1
#
# Failed to write core dump. Minidumps are not enabled by default on client versions of Windows
#
# If you would like to submit a bug report, please visit:
#   http://bugreport.java.com/bugreport/crash.jsp
#

---------------  T H R E A D  ---------------

Current thread (0x01cbb800):  JavaThread "main" [_thread_in_Java, id=6080, stack(0x01bb0000,0x01c00000)]

siginfo: ExceptionCode=0xc0000005, reading address 0x01670000

Registers:
EAX=0x00000012, EBX=0x00000001, ECX=0x00001701, EDX=0x01670000
ESP=0x01bff2f0, EBP=0x01bff328, ESI=0x00000000, EDI=0x00086038
EIP=0x0005c9c1, EFLAGS=0x00010206

Top of Stack: (sp=0x01bff2f0)
0x01bff2f0:   00086160 693ce17a 00086160 00086038
0x01bff300:   03ffffef 03030303 00030303 00000000
0x01bff310:   00000030 01cbb800 142a2a08 01bff81c
0x01bff320:   2277beac 7ffdd000 01bff3bc 000592fd
0x01bff330:   693ce17a 01670000 00000012 01bff374
0x01bff340:   00086160 01bffc40 022702f7 0027dfc9
0x01bff350:   14733900 01cbbe18 01cbbe20 01cbc20c
0x01bff360:   00086160 01bff59c 01bff5e0 01bff5d4 

Instructions: (pc=0x0005c9c1)
0x0005c9a1:   00 85 c0 74 0f 57 ff d0 8b 1d ec 5f 08 00 8a 0d
0x0005c9b1:   a0 5e 08 00 8b 45 10 33 f6 85 c0 74 23 8b 55 0c
0x0005c9c1:   8b 3a 3b 7d 08 77 0d 8b 42 04 03 c7 39 45 08 72
0x0005c9d1:   4e 8b 45 10 46 83 c2 0c 3b f0 72 e4 8b 7c 24 0c 


Register to memory mapping:

EAX=0x00000012 is an unknown value
EBX=0x00000001 is an unknown value
ECX=0x00001701 is an unknown value
EDX=0x01670000 is an unknown value
ESP=0x01bff2f0 is pointing into the stack for thread: 0x01cbb800
EBP=0x01bff328 is pointing into the stack for thread: 0x01cbb800
ESI=0x00000000 is an unknown value
EDI=0x00086038 is an unknown value


Stack: [0x01bb0000,0x01c00000],  sp=0x01bff2f0,  free space=316k
Native frames: (J=compiled Java code, j=interpreted, Vv=VM code, C=native code)
C  0x0005c9c1
C  0x000592fd
C  0x0005907f
C  0x00059c58
C  0x00059df8
C  [ntdll.dll+0x13069]
C  [ntdll.dll+0x28eaf]
C  [ntdll.dll+0x28c83]
C  [ntdll.dll+0x46457]
j  java.awt.image.BufferedImage.getSubimage(IIII)Ljava/awt/image/BufferedImage;+20
j  by.petrikus.GameWindow.Run()V+41
j  by.petrikus.Main.main([Ljava/lang/String;)V+9
v  ~StubRoutines::call_stub
V  [jvm.dll+0x15a2e5]
V  [jvm.dll+0x21ff6e]
V  [jvm.dll+0x15a37e]
V  [jvm.dll+0xdbf47]
V  [jvm.dll+0xe44df]
C  [javaw.exe+0x22ab]
C  [javaw.exe+0xaecf]
C  [javaw.exe+0xaf59]
C  [kernel32.dll+0x51174]
C  [ntdll.dll+0x5b3f5]
C  [ntdll.dll+0x5b3c8]
C  0x00000000


---------------  P R O C E S S  ---------------

Java Threads: ( => current thread )
  0x16e65400 JavaThread "D3D Screen Updater" daemon [_thread_blocked, id=7948, stack(0x17390000,0x173e0000)]
  0x148ee800 JavaThread "AWT-EventQueue-0" [_thread_in_vm, id=7180, stack(0x17400000,0x17450000)]
  0x14835000 JavaThread "AWT-Windows" daemon [_thread_in_native, id=6780, stack(0x14d00000,0x14d50000)]
  0x14832400 JavaThread "AWT-Shutdown" [_thread_blocked, id=4672, stack(0x15000000,0x15050000)]
  0x1482f800 JavaThread "Java2D Disposer" daemon [_thread_in_vm, id=884, stack(0x14f60000,0x14fb0000)]
  0x14759400 JavaThread "Service Thread" daemon [_thread_blocked, id=6236, stack(0x14d60000,0x14db0000)]
  0x14736400 JavaThread "C1 CompilerThread0" daemon [_thread_blocked, id=7920, stack(0x14b70000,0x14bc0000)]
  0x14735000 JavaThread "Attach Listener" daemon [_thread_blocked, id=5800, stack(0x14bf0000,0x14c40000)]
  0x1473d800 JavaThread "Signal Dispatcher" daemon [_thread_blocked, id=5968, stack(0x14cb0000,0x14d00000)]
  0x14728c00 JavaThread "Finalizer" daemon [_thread_blocked, id=6820, stack(0x14a90000,0x14ae0000)]
  0x14702000 JavaThread "Reference Handler" daemon [_thread_blocked, id=2308, stack(0x149c0000,0x14a10000)]
=>0x01cbb800 JavaThread "main" [_thread_in_Java, id=6080, stack(0x01bb0000,0x01c00000)]

Other Threads:
  0x146fc400 VMThread [stack: 0x14a10000,0x14a60000] [id=4660]
  0x14763400 WatcherThread [stack: 0x14e30000,0x14e80000] [id=2228]

VM state:synchronizing (normal execution)

VM Mutex/Monitor currently owned by a thread:  ([mutex/lock_event])
[0x01cb9dc8] Safepoint_lock - owner thread: 0x146fc400
[0x01cb9e30] Threads_lock - owner thread: 0x146fc400

Heap:
 def new generation   total 4928K, used 2918K [0x04200000, 0x04750000, 0x09750000)
  eden space 4416K,  57% used [0x04200000, 0x04479c08, 0x04650000)
  from space 512K,  74% used [0x04650000, 0x046afec0, 0x046d0000)
  to   space 512K,   0% used [0x046d0000, 0x046d0000, 0x04750000)
 tenured generation   total 10944K, used 1988K [0x09750000, 0x0a200000, 0x14200000)
   the space 10944K,  18% used [0x09750000, 0x09941310, 0x09941400, 0x0a200000)
 Metaspace       used 6043K, capacity 6219K, committed 6272K, reserved 6528K

Card table byte_map: [0x14200000,0x14290000] byte_map_base: 0x141df000

Polling page: 0x01720000

CodeCache: size=32768Kb used=956Kb max_used=956Kb free=31811Kb
 bounds [0x02190000, 0x02280000, 0x04190000]
 total_blobs=493 nmethods=268 adapters=156
 compilation: enabled

Compilation events (10 events):
Event: 8.102 Thread 0x14736400  264             java.awt.image.Raster::getHeight (5 bytes)
Event: 8.102 Thread 0x14736400 nmethod 264 0x0227be08 code [0x0227bf00, 0x0227bf80]
Event: 8.102 Thread 0x14736400  265             java.awt.image.Raster::getMinX (5 bytes)
Event: 8.102 Thread 0x14736400 nmethod 265 0x0227bfc8 code [0x0227c0c0, 0x0227c140]
Event: 8.103 Thread 0x14736400  266             java.awt.image.Raster::getMinY (5 bytes)
Event: 8.103 Thread 0x14736400 nmethod 266 0x0227c188 code [0x0227c280, 0x0227c300]
Event: 8.103 Thread 0x14736400  267             sun.awt.image.ByteInterleavedRaster::setDataElements (263 bytes)
Event: 8.105 Thread 0x14736400 nmethod 267 0x0227c348 code [0x0227c490, 0x0227c8c4]
Event: 8.118 Thread 0x14736400  268   !         sun.net.www.ParseUtil::decode (316 bytes)
Event: 8.124 Thread 0x14736400 nmethod 268 0x0227ce08 code [0x0227d0c0, 0x0227de20]

GC Heap History (4 events):
Event: 1.600 GC heap before
{Heap before GC invocations=0 (full 0):
 def new generation   total 4928K, used 4416K [0x04200000, 0x04750000, 0x09750000)
  eden space 4416K, 100% used [0x04200000, 0x04650000, 0x04650000)
  from space 512K,   0% used [0x04650000, 0x04650000, 0x046d0000)
  to   space 512K,   0% used [0x046d0000, 0x046d0000, 0x04750000)
 tenured generation   total 10944K, used 0K [0x09750000, 0x0a200000, 0x14200000)
   the space 10944K,   0% used [0x09750000, 0x09750000, 0x09750200, 0x0a200000)
 Metaspace       used 5912K, capacity 6086K, committed 6144K, reserved 6528K
Event: 1.613 GC heap after
Heap after GC invocations=1 (full 0):
 def new generation   total 4928K, used 512K [0x04200000, 0x04750000, 0x09750000)
  eden space 4416K,   0% used [0x04200000, 0x04200000, 0x04650000)
  from space 512K, 100% used [0x046d0000, 0x04750000, 0x04750000)
  to   space 512K,   0% used [0x04650000, 0x04650000, 0x046d0000)
 tenured generation   total 10944K, used 1189K [0x09750000, 0x0a200000, 0x14200000)
   the space 10944K,  10% used [0x09750000, 0x09879568, 0x09879600, 0x0a200000)
 Metaspace       used 5912K, capacity 6086K, committed 6144K, reserved 6528K
}
Event: 8.185 GC heap before
{Heap before GC invocations=1 (full 0):
 def new generation   total 4928K, used 2910K [0x04200000, 0x04750000, 0x09750000)
  eden space 4416K,  54% used [0x04200000, 0x044578b8, 0x04650000)
  from space 512K, 100% used [0x046d0000, 0x04750000, 0x04750000)
  to   space 512K,   0% used [0x04650000, 0x04650000, 0x046d0000)
 tenured generation   total 10944K, used 1189K [0x09750000, 0x0a200000, 0x14200000)
   the space 10944K,  10% used [0x09750000, 0x09879568, 0x09879600, 0x0a200000)
 Metaspace       used 6043K, capacity 6219K, committed 6272K, reserved 6528K
Event: 8.195 GC heap after
Heap after GC invocations=2 (full 0):
 def new generation   total 4928K, used 383K [0x04200000, 0x04750000, 0x09750000)
  eden space 4416K,   0% used [0x04200000, 0x04200000, 0x04650000)
  from space 512K,  74% used [0x04650000, 0x046afec0, 0x046d0000)
  to   space 512K,   0% used [0x046d0000, 0x046d0000, 0x04750000)
 tenured generation   total 10944K, used 1988K [0x09750000, 0x0a200000, 0x14200000)
   the space 10944K,  18% used [0x09750000, 0x09941310, 0x09941400, 0x0a200000)
 Metaspace       used 6043K, capacity 6219K, committed 6272K, reserved 6528K
}

Deoptimization events (0 events):
No events

Internal exceptions (10 events):
Event: 0.102 Thread 0x01cbb800 Exception <a 'java/lang/NoSuchMethodError': Method sun.misc.Unsafe.defineClass(Ljava/lang/String;[BII)Ljava/lang/Class; name or signature does not match> (0x04206ea8) thrown at [C:\re\workspace\8-2-build-windows-i586-cygwin\jdk8u101\7261\hotspot\src\share\5çZ”∫?
Event: 0.102 Thread 0x01cbb800 Exception <a 'java/lang/NoSuchMethodError': Method sun.misc.Unsafe.prefetchRead(Ljava/lang/Object;J)V name or signature does not match> (0x04207178) thrown at [C:\re\workspace\8-2-build-windows-i586-cygwin\jdk8u101\7261\hotspot\src\share\vm\prims\jni.cpp, Æm~Èº”?
Event: 0.308 Thread 0x01cbb800 Exception <a 'java/security/PrivilegedActionException'> (0x0428fac8) thrown at [C:\re\workspace\8-2-build-windows-i586-cygwin\jdk8u101\7261\hotspot\src\share\vm\prims\jvm.cpp, line 1386]
Event: 0.308 Thread 0x01cbb800 Exception <a 'java/security/PrivilegedActionException'> (0x0428fcc8) thrown at [C:\re\workspace\8-2-build-windows-i586-cygwin\jdk8u101\7261\hotspot\src\share\vm\prims\jvm.cpp, line 1386]
Event: 0.310 Thread 0x01cbb800 Exception <a 'java/security/PrivilegedActionException'> (0x042934d0) thrown at [C:\re\workspace\8-2-build-windows-i586-cygwin\jdk8u101\7261\hotspot\src\share\vm\prims\jvm.cpp, line 1386]
Event: 0.310 Thread 0x01cbb800 Exception <a 'java/security/PrivilegedActionException'> (0x042936d0) thrown at [C:\re\workspace\8-2-build-windows-i586-cygwin\jdk8u101\7261\hotspot\src\share\vm\prims\jvm.cpp, line 1386]
Event: 0.326 Thread 0x01cbb800 Exception <a 'java/io/FileNotFoundException'> (0x0429aab0) thrown at [C:\re\workspace\8-2-build-windows-i586-cygwin\jdk8u101\7261\hotspot\src\share\vm\prims\jni.cpp, line 709]
Event: 0.436 Thread 0x01cbb800 Exception <a 'java/lang/NoSuchFieldError': method resolution failed> (0x043557f0) thrown at [C:\re\workspace\8-2-build-windows-i586-cygwin\jdk8u101\7261\hotspot\src\share\vm\prims\methodHandles.cpp, line 1146]
Event: 0.440 Thread 0x01cbb800 Exception <a 'java/lang/NoSuchFieldError': method resolution failed> (0x04361990) thrown at [C:\re\workspace\8-2-build-windows-i586-cygwin\jdk8u101\7261\hotspot\src\share\vm\prims\methodHandles.cpp, line 1146]
Event: 0.523 Thread 0x01cbb800 Exception <a 'java/io/FileNotFoundException'> (0x043e7f98) thrown at [C:\re\workspace\8-2-build-windows-i586-cygwin\jdk8u101\7261\hotspot\src\share\vm\prims\jni.cpp, line 709]

Events (10 events):
Event: 8.124 loading class sun/java2d/cmm/lcms/LCMSProfile$TagCache done
Event: 8.125 loading class sun/java2d/cmm/ProfileDataVerifier
Event: 8.125 loading class sun/java2d/cmm/ProfileDataVerifier done
Event: 8.126 loading class sun/java2d/cmm/lcms/LCMSProfile$TagData
Event: 8.126 loading class sun/java2d/cmm/lcms/LCMSProfile$TagData done
Event: 8.185 loading class com/sun/imageio/plugins/jpeg/JPEGImageReader$2
Event: 8.185 loading class com/sun/imageio/plugins/jpeg/JPEGImageReader$2 done
Event: 8.185 Executing VM operation: GenCollectForAllocation
Event: 8.195 Executing VM operation: GenCollectForAllocation done
Event: 8.196 Executing VM operation: RevokeBias


Dynamic libraries:
0x00100000 - 0x00133000 	C:\Program Files\Java\jre1.8.0_101\bin\javaw.exe
0x77400000 - 0x7753c000 	C:\Windows\SYSTEM32\ntdll.dll
0x75c40000 - 0x75d14000 	C:\Windows\system32\kernel32.dll
0x755f0000 - 0x7563a000 	C:\Windows\system32\KERNELBASE.dll
0x75ad0000 - 0x75b70000 	C:\Windows\system32\ADVAPI32.dll
0x75f30000 - 0x75fdc000 	C:\Windows\system32\msvcrt.dll
0x75ab0000 - 0x75ac9000 	C:\Windows\SYSTEM32\sechost.dll
0x75d20000 - 0x75dc1000 	C:\Windows\system32\RPCRT4.dll
0x76020000 - 0x760e9000 	C:\Windows\system32\USER32.dll
0x763f0000 - 0x7643e000 	C:\Windows\system32\GDI32.dll
0x77560000 - 0x7756a000 	C:\Windows\system32\LPK.dll
0x75850000 - 0x758ed000 	C:\Windows\system32\USP10.dll
0x744d0000 - 0x7466e000 	C:\Windows\WinSxS\x86_microsoft.windows.common-controls_6595b64144ccf1df_6.0.7600.16385_none_421189da2b7fabfc\COMCTL32.dll
0x75dd0000 - 0x75e27000 	C:\Windows\system32\SHLWAPI.dll
0x77610000 - 0x7762f000 	C:\Windows\system32\IMM32.DLL
0x75b70000 - 0x75c3c000 	C:\Windows\system32\MSCTF.dll
0x696f0000 - 0x697af000 	C:\Program Files\Java\jre1.8.0_101\bin\msvcr100.dll
0x69110000 - 0x694dc000 	C:\Program Files\Java\jre1.8.0_101\bin\client\jvm.dll
0x6a8f0000 - 0x6a8f7000 	C:\Windows\system32\WSOCK32.dll
0x75fe0000 - 0x76015000 	C:\Windows\system32\WS2_32.dll
0x77570000 - 0x77576000 	C:\Windows\system32\NSI.dll
0x73c00000 - 0x73c32000 	C:\Windows\system32\WINMM.dll
0x74a10000 - 0x74a19000 	C:\Windows\system32\VERSION.dll
0x77550000 - 0x77555000 	C:\Windows\system32\PSAPI.DLL
0x733d0000 - 0x733dc000 	C:\Program Files\Java\jre1.8.0_101\bin\verify.dll
0x6ebf0000 - 0x6ec11000 	C:\Program Files\Java\jre1.8.0_101\bin\java.dll
0x6e140000 - 0x6e153000 	C:\Program Files\Java\jre1.8.0_101\bin\zip.dll
0x764c0000 - 0x77109000 	C:\Windows\system32\SHELL32.dll
0x760f0000 - 0x7624c000 	C:\Windows\system32\ole32.dll
0x75550000 - 0x7555b000 	C:\Windows\system32\profapi.dll
0x67dd0000 - 0x67f15000 	C:\Program Files\Java\jre1.8.0_101\bin\awt.dll
0x77580000 - 0x7760f000 	C:\Windows\system32\OLEAUT32.dll
0x749f0000 - 0x74a03000 	C:\Windows\system32\DWMAPI.DLL
0x74870000 - 0x748b0000 	C:\Windows\system32\uxtheme.dll
0x754d0000 - 0x754dc000 	C:\Windows\system32\CRYPTBASE.dll
0x67c00000 - 0x67dc3000 	C:\Windows\system32\d3d9.dll
0x73430000 - 0x73436000 	C:\Windows\system32\d3d8thk.dll
0x6e280000 - 0x6e3a5000 	C:\Windows\system32\aticfx32.dll
0x69d50000 - 0x69d71000 	C:\Windows\system32\atiu9pag.dll
0x66b90000 - 0x67261000 	C:\Windows\system32\atiumdag.dll
0x66400000 - 0x66b8a000 	C:\Windows\system32\atiumdva.dll
0x74a20000 - 0x74a45000 	C:\Windows\system32\POWRPROF.dll
0x76250000 - 0x763ed000 	C:\Windows\system32\SETUPAPI.dll
0x75820000 - 0x75847000 	C:\Windows\system32\CFGMGR32.dll
0x755d0000 - 0x755e2000 	C:\Windows\system32\DEVOBJ.dll
0x69e40000 - 0x69e66000 	C:\Program Files\Java\jre1.8.0_101\bin\jpeg.dll
0x6e240000 - 0x6e279000 	C:\Program Files\Java\jre1.8.0_101\bin\fontmanager.dll
0x6e100000 - 0x6e116000 	C:\Program Files\Java\jre1.8.0_101\bin\net.dll
0x74fb0000 - 0x74fec000 	C:\Windows\system32\mswsock.dll
0x75180000 - 0x75186000 	C:\Windows\System32\wship6.dll
0x72010000 - 0x7201f000 	C:\Program Files\Java\jre1.8.0_101\bin\nio.dll
0x67bc0000 - 0x67bf2000 	C:\Program Files\Java\jre1.8.0_101\bin\t2k.dll
0x6e1e0000 - 0x6e210000 	C:\Program Files\Java\jre1.8.0_101\bin\lcms.dll
0x69f00000 - 0x69feb000 	C:\Windows\system32\dbghelp.dll

VM Arguments:
jvm_args: -Dfile.encoding=Cp1251 
java_command: by.petrikus.Main
java_class_path (initial): D:\Project\Game\bin
Launcher Type: SUN_STANDARD

Environment Variables:
PATH=C:/Program Files/Java/jre1.8.0_101/bin/client;C:/Program Files/Java/jre1.8.0_101/bin;C:/Program Files/Java/jre1.8.0_101/lib/i386;C:\ProgramData\Oracle\Java\javapath;C:\Program Files\NVIDIA Corporation\PhysX\Common;C:\Windows\system32;C:\Windows;C:\Windows\System32\Wbem;C:\Windows\System32\WindowsPowerShell\v1.0\;C:\Program Files\7-Zip;C:\Program Files\Skype\Phone\;C:\Program Files\Git\cmd;C:\Users\Petrikus\Downloads\eclipse;
USERNAME=Petrikus
OS=Windows_NT
PROCESSOR_IDENTIFIER=x86 Family 21 Model 16 Stepping 1, AuthenticAMD



---------------  S Y S T E M  ---------------

OS: Windows 7 Build 7600 (6.1.7600.16385)

CPU:total 2 (2 cores per cpu, 1 threads per core) family 21 model 16 stepping 1, cmov, cx8, fxsr, mmx, sse, sse2, sse3, ssse3, sse4.1, sse4.2, popcnt, aes, clmul, mmxext, 3dnowpref, lzcnt, sse4a, tsc, tscinvbit, tscinv, bmi1

Memory: 4k page, physical 3137912k(1550436k free), swap 6274060k(4011004k free)

vm_info: Java HotSpot(TM) Client VM (25.101-b13) for windows-x86 JRE (1.8.0_101-b13), built on Jun 22 2016 00:45:44 by "java_re" with MS VC++ 10.0 (VS2010)

time: Fri Sep 09 00:15:01 2016
elapsed time: 8 seconds (0d 0h 0m 8s)

